<?xml version="1.0" encoding="UTF-8"?>
<!-- Generated by org.testng.reporters.JUnitXMLReporter -->
<testsuite ignored="0" hostname="Ganyas-MBP.attlocal.net" failures="1" tests="5" name="Test" time="248.161" errors="0" timestamp="2023-06-19T19:28:37 PDT">
  <testcase classname="com.automation.base.BaseTest" name="@BeforeMethod setUpBeforeTestMethod" time="199.448">
    <failure type="org.openqa.selenium.WebDriverException" message="unknown error: unable to discover open pages
Build info: version: &amp;apos;3.141.59&amp;apos;, revision: &amp;apos;e82be7d358&amp;apos;, time: &amp;apos;2018-11-14T08:17:03&amp;apos;
System info: host: &amp;apos;Ganyas-MBP.attlocal.net&amp;apos;, ip: &amp;apos;2600:1700:d770:4930:0:0:0:15%en0&amp;apos;, os.name: &amp;apos;Mac OS X&amp;apos;, os.arch: &amp;apos;x86_64&amp;apos;, os.version: &amp;apos;13.4&amp;apos;, java.version: &amp;apos;17.0.4.1&amp;apos;
Driver info: driver.version: ChromeDriver
remote stacktrace: 0   chromedriver                        0x00000001029476b8 chromedriver + 4937400
1   chromedriver                        0x000000010293eb73 chromedriver + 4901747
2   chromedriver                        0x00000001024fc616 chromedriver + 435734
3   chromedriver                        0x000000010252ed10 chromedriver + 642320
4   chromedriver                        0x000000010252a18a chromedriver + 622986
5   chromedriver                        0x000000010252667c chromedriver + 607868
6   chromedriver                        0x000000010256da08 chromedriver + 899592
7   chromedriver                        0x000000010256cebf chromedriver + 896703
8   chromedriver                        0x0000000102563de3 chromedriver + 859619
9   chromedriver                        0x0000000102531d7f chromedriver + 654719
10  chromedriver                        0x00000001025330de chromedriver + 659678
11  chromedriver                        0x00000001029032ad chromedriver + 4657837
12  chromedriver                        0x0000000102908130 chromedriver + 4677936
13  chromedriver                        0x000000010290edef chromedriver + 4705775
14  chromedriver                        0x000000010290905a chromedriver + 4681818
15  chromedriver                        0x00000001028db92c chromedriver + 4495660
16  chromedriver                        0x0000000102926838 chromedriver + 4802616
17  chromedriver                        0x00000001029269b7 chromedriver + 4802999
18  chromedriver                        0x000000010293799f chromedriver + 4872607
19  libsystem_pthread.dylib             0x00007ff81bd4b1d3 _pthread_start + 125
20  libsystem_pthread.dylib             0x00007ff81bd46bd3 thread_start + 15
">
      <![CDATA[org.openqa.selenium.WebDriverException: unknown error: unable to discover open pages
Build info: version: '3.141.59', revision: 'e82be7d358', time: '2018-11-14T08:17:03'
System info: host: 'Ganyas-MBP.attlocal.net', ip: '2600:1700:d770:4930:0:0:0:15%en0', os.name: 'Mac OS X', os.arch: 'x86_64', os.version: '13.4', java.version: '17.0.4.1'
Driver info: driver.version: ChromeDriver
remote stacktrace: 0   chromedriver                        0x00000001029476b8 chromedriver + 4937400
1   chromedriver                        0x000000010293eb73 chromedriver + 4901747
2   chromedriver                        0x00000001024fc616 chromedriver + 435734
3   chromedriver                        0x000000010252ed10 chromedriver + 642320
4   chromedriver                        0x000000010252a18a chromedriver + 622986
5   chromedriver                        0x000000010252667c chromedriver + 607868
6   chromedriver                        0x000000010256da08 chromedriver + 899592
7   chromedriver                        0x000000010256cebf chromedriver + 896703
8   chromedriver                        0x0000000102563de3 chromedriver + 859619
9   chromedriver                        0x0000000102531d7f chromedriver + 654719
10  chromedriver                        0x00000001025330de chromedriver + 659678
11  chromedriver                        0x00000001029032ad chromedriver + 4657837
12  chromedriver                        0x0000000102908130 chromedriver + 4677936
13  chromedriver                        0x000000010290edef chromedriver + 4705775
14  chromedriver                        0x000000010290905a chromedriver + 4681818
15  chromedriver                        0x00000001028db92c chromedriver + 4495660
16  chromedriver                        0x0000000102926838 chromedriver + 4802616
17  chromedriver                        0x00000001029269b7 chromedriver + 4802999
18  chromedriver                        0x000000010293799f chromedriver + 4872607
19  libsystem_pthread.dylib             0x00007ff81bd4b1d3 _pthread_start + 125
20  libsystem_pthread.dylib             0x00007ff81bd46bd3 thread_start + 15

at org.openqa.selenium.remote.W3CHandshakeResponse.lambda$errorHandler$0(W3CHandshakeResponse.java:62)
at org.openqa.selenium.remote.HandshakeResponse.lambda$getResponseFunction$0(HandshakeResponse.java:30)
at org.openqa.selenium.remote.ProtocolHandshake.lambda$createSession$0(ProtocolHandshake.java:126)
at java.base/java.util.stream.ReferencePipeline$3$1.accept(ReferencePipeline.java:197)
at java.base/java.util.Spliterators$ArraySpliterator.tryAdvance(Spliterators.java:1002)
at java.base/java.util.stream.ReferencePipeline.forEachWithCancel(ReferencePipeline.java:129)
at java.base/java.util.stream.AbstractPipeline.copyIntoWithCancel(AbstractPipeline.java:527)
at java.base/java.util.stream.AbstractPipeline.copyInto(AbstractPipeline.java:513)
at java.base/java.util.stream.AbstractPipeline.wrapAndCopyInto(AbstractPipeline.java:499)
at java.base/java.util.stream.FindOps$FindOp.evaluateSequential(FindOps.java:150)
at java.base/java.util.stream.AbstractPipeline.evaluate(AbstractPipeline.java:234)
at java.base/java.util.stream.ReferencePipeline.findFirst(ReferencePipeline.java:647)
at org.openqa.selenium.remote.ProtocolHandshake.createSession(ProtocolHandshake.java:128)
at org.openqa.selenium.remote.ProtocolHandshake.createSession(ProtocolHandshake.java:74)
at org.openqa.selenium.remote.HttpCommandExecutor.execute(HttpCommandExecutor.java:136)
at org.openqa.selenium.remote.service.DriverCommandExecutor.execute(DriverCommandExecutor.java:83)
at org.openqa.selenium.remote.RemoteWebDriver.execute(RemoteWebDriver.java:552)
at org.openqa.selenium.remote.RemoteWebDriver.startSession(RemoteWebDriver.java:213)
at org.openqa.selenium.remote.RemoteWebDriver.<init>(RemoteWebDriver.java:131)
at org.openqa.selenium.chrome.ChromeDriver.<init>(ChromeDriver.java:181)
at org.openqa.selenium.chrome.ChromeDriver.<init>(ChromeDriver.java:168)
at org.openqa.selenium.chrome.ChromeDriver.<init>(ChromeDriver.java:123)
at com.automation.base.BaseTest.launchBrowser(BaseTest.java:78)
at com.automation.base.BaseTest.setUpBeforeTestMethod(BaseTest.java:64)
at java.base/java.util.ArrayList.forEach(ArrayList.java:1511)
... Removed 36 stack frames]]>
    </failure>
  </testcase> <!-- @BeforeMethod setUpBeforeTestMethod -->
  <testcase classname="com.automation.base.BaseTest" name="@AfterMethod TearDownAfterTestMethod" time="0.0">
    <skipped/>
  </testcase> <!-- @AfterMethod TearDownAfterTestMethod -->
  <testcase classname="com.automation.tests.SalesforceLogin" name="checkRememberMe3" time="32.387">
    <failure type="org.openqa.selenium.TimeoutException" message="Expected condition failed: waiting for visibility of Proxy element for: DefaultElementLocator &amp;apos;By.xpath: //*[@id=&amp;apos;userNav&amp;apos;]&amp;apos; (tried for 30 second(s) with 500 milliseconds interval)">
      <![CDATA[org.openqa.selenium.TimeoutException: Expected condition failed: waiting for visibility of Proxy element for: DefaultElementLocator 'By.xpath: //*[@id='userNav']' (tried for 30 second(s) with 500 milliseconds interval)
at org.openqa.selenium.support.ui.WebDriverWait.timeoutException(WebDriverWait.java:95)
at org.openqa.selenium.support.ui.FluentWait.until(FluentWait.java:272)
at com.automation.pages.base.BasePage.waitUntilElementVisible(BasePage.java:175)
at com.automation.pages.base.BasePage.clickElement(BasePage.java:76)
at com.automation.pages.home.HomePage.userDropDown(HomePage.java:34)
at com.automation.tests.SalesforceLogin.checkRememberMe3(SalesforceLogin.java:80)
at java.base/java.util.ArrayList.forEach(ArrayList.java:1511)
Caused by: org.openqa.selenium.NoSuchElementException: no such element: Unable to locate element: {"method":"xpath","selector":"//*[@id='userNav']"}
  (Session info: chrome=114.0.5735.133)
For documentation on this error, please visit: https://www.seleniumhq.org/exceptions/no_such_element.html
Build info: version: '3.141.59', revision: 'e82be7d358', time: '2018-11-14T08:17:03'
System info: host: 'Ganyas-MBP.attlocal.net', ip: '2600:1700:d770:4930:0:0:0:15%en0', os.name: 'Mac OS X', os.arch: 'x86_64', os.version: '13.4', java.version: '17.0.4.1'
Driver info: org.openqa.selenium.chrome.ChromeDriver
Capabilities {acceptInsecureCerts: false, browserName: chrome, browserVersion: 114.0.5735.133, chrome: {chromedriverVersion: 114.0.5735.90 (386bc09e8f4f..., userDataDir: /var/folders/y2/psvp66c16vg...}, goog:chromeOptions: {debuggerAddress: localhost:52264}, javascriptEnabled: true, networkConnectionEnabled: false, pageLoadStrategy: normal, platform: MAC, platformName: MAC, proxy: Proxy(), setWindowRect: true, strictFileInteractability: false, timeouts: {implicit: 0, pageLoad: 300000, script: 30000}, unhandledPromptBehavior: dismiss and notify, webauthn:extension:credBlob: true, webauthn:extension:largeBlob: true, webauthn:extension:minPinLength: true, webauthn:extension:prf: true, webauthn:virtualAuthenticators: true}
Session ID: e808bed40de40534b182e1ef24aa1c6c
*** Element info: {Using=xpath, value=//*[@id='userNav']}
at org.openqa.selenium.remote.http.W3CHttpResponseCodec.createException(W3CHttpResponseCodec.java:187)
at org.openqa.selenium.remote.http.W3CHttpResponseCodec.decode(W3CHttpResponseCodec.java:122)
at org.openqa.selenium.remote.http.W3CHttpResponseCodec.decode(W3CHttpResponseCodec.java:49)
at org.openqa.selenium.remote.HttpCommandExecutor.execute(HttpCommandExecutor.java:158)
at org.openqa.selenium.remote.service.DriverCommandExecutor.execute(DriverCommandExecutor.java:83)
at org.openqa.selenium.remote.RemoteWebDriver.execute(RemoteWebDriver.java:552)
at org.openqa.selenium.remote.RemoteWebDriver.findElement(RemoteWebDriver.java:323)
at org.openqa.selenium.remote.RemoteWebDriver.findElementByXPath(RemoteWebDriver.java:428)
at org.openqa.selenium.By$ByXPath.findElement(By.java:353)
at org.openqa.selenium.remote.RemoteWebDriver.findElement(RemoteWebDriver.java:315)
at org.openqa.selenium.support.pagefactory.DefaultElementLocator.findElement(DefaultElementLocator.java:69)
at org.openqa.selenium.support.pagefactory.internal.LocatingElementHandler.invoke(LocatingElementHandler.java:38)
at jdk.proxy2/jdk.proxy2.$Proxy30.isDisplayed(Unknown Source)
at org.openqa.selenium.support.ui.ExpectedConditions.elementIfVisible(ExpectedConditions.java:314)
at org.openqa.selenium.support.ui.ExpectedConditions.access$000(ExpectedConditions.java:43)
at org.openqa.selenium.support.ui.ExpectedConditions$10.apply(ExpectedConditions.java:300)
at org.openqa.selenium.support.ui.ExpectedConditions$10.apply(ExpectedConditions.java:297)
at org.openqa.selenium.support.ui.FluentWait.until(FluentWait.java:249)
... 32 more
... Removed 31 stack frames]]>
    </failure>
  </testcase> <!-- checkRememberMe3 -->
  <testcase classname="com.automation.tests.SalesforceLogin" name="forgotPassword4A" time="1.245"/>
  <testcase classname="com.automation.tests.SalesforceLogin" name="forgotPassword4B" time="0.917"/>
  <testcase classname="com.automation.tests.SalesforceLogin" name="loginErrorMessage1" time="0.559"/>
  <testcase classname="com.automation.tests.SalesforceLogin" name="loginToSalesforce2" time="0.001">
    <skipped/>
  </testcase> <!-- loginToSalesforce2 -->
</testsuite> <!-- Test -->
