<?xml version="1.0" encoding="UTF-8"?>
<testng-results ignored="0" total="5" passed="3" failed="1" skipped="1">
  <reporter-output>
  </reporter-output>
  <suite started-at="2023-06-19T19:24:29 PDT" name="Suite" finished-at="2023-06-19T19:28:37 PDT" duration-ms="248161">
    <groups>
    </groups>
    <test started-at="2023-06-19T19:24:29 PDT" name="Test" finished-at="2023-06-19T19:28:37 PDT" duration-ms="248161">
      <class name="com.automation.tests.SalesforceLogin">
        <test-method is-config="true" signature="setUpForBeforeTest()[pri:0, instance:com.automation.tests.SalesforceLogin@48aca48b]" started-at="2023-06-19T19:24:29 PDT" name="setUpForBeforeTest" finished-at="2023-06-19T19:24:30 PDT" duration-ms="396" status="PASS">
          <reporter-output>
          </reporter-output>
        </test-method> <!-- setUpForBeforeTest -->
        <test-method is-config="true" signature="setUpBeforeTestMethod(java.lang.String)[pri:0, instance:com.automation.tests.SalesforceLogin@48aca48b]" started-at="2023-06-19T19:24:30 PDT" name="setUpBeforeTestMethod" finished-at="2023-06-19T19:24:33 PDT" duration-ms="3399" status="PASS">
          <params>
            <param index="0">
              <value>
                <![CDATA[chrome]]>
              </value>
            </param>
          </params>
          <reporter-output>
          </reporter-output>
        </test-method> <!-- setUpBeforeTestMethod -->
        <test-method signature="checkRememberMe3()[pri:0, instance:com.automation.tests.SalesforceLogin@48aca48b]" started-at="2023-06-19T19:24:33 PDT" name="checkRememberMe3" finished-at="2023-06-19T19:25:05 PDT" duration-ms="32387" status="FAIL">
          <exception class="org.openqa.selenium.TimeoutException">
            <message>
              <![CDATA[Expected condition failed: waiting for visibility of Proxy element for: DefaultElementLocator 'By.xpath: //*[@id='userNav']' (tried for 30 second(s) with 500 milliseconds interval)]]>
            </message>
            <full-stacktrace>
              <![CDATA[org.openqa.selenium.TimeoutException: Expected condition failed: waiting for visibility of Proxy element for: DefaultElementLocator 'By.xpath: //*[@id='userNav']' (tried for 30 second(s) with 500 milliseconds interval)
at org.openqa.selenium.support.ui.WebDriverWait.timeoutException(WebDriverWait.java:95)
at org.openqa.selenium.support.ui.FluentWait.until(FluentWait.java:272)
at com.automation.pages.base.BasePage.waitUntilElementVisible(BasePage.java:175)
at com.automation.pages.base.BasePage.clickElement(BasePage.java:76)
at com.automation.pages.home.HomePage.userDropDown(HomePage.java:34)
at com.automation.tests.SalesforceLogin.checkRememberMe3(SalesforceLogin.java:80)
at java.base/jdk.internal.reflect.NativeMethodAccessorImpl.invoke0(Native Method)
at java.base/jdk.internal.reflect.NativeMethodAccessorImpl.invoke(NativeMethodAccessorImpl.java:77)
at java.base/jdk.internal.reflect.DelegatingMethodAccessorImpl.invoke(DelegatingMethodAccessorImpl.java:43)
at java.base/java.lang.reflect.Method.invoke(Method.java:568)
at org.testng.internal.invokers.MethodInvocationHelper.invokeMethod(MethodInvocationHelper.java:139)
at org.testng.internal.invokers.TestInvoker.invokeMethod(TestInvoker.java:677)
at org.testng.internal.invokers.TestInvoker.invokeTestMethod(TestInvoker.java:221)
at org.testng.internal.invokers.MethodRunner.runInSequence(MethodRunner.java:50)
at org.testng.internal.invokers.TestInvoker$MethodInvocationAgent.invoke(TestInvoker.java:969)
at org.testng.internal.invokers.TestInvoker.invokeTestMethods(TestInvoker.java:194)
at org.testng.internal.invokers.TestMethodWorker.invokeTestMethods(TestMethodWorker.java:148)
at org.testng.internal.invokers.TestMethodWorker.run(TestMethodWorker.java:128)
at java.base/java.util.ArrayList.forEach(ArrayList.java:1511)
at org.testng.TestRunner.privateRun(TestRunner.java:829)
at org.testng.TestRunner.run(TestRunner.java:602)
at org.testng.SuiteRunner.runTest(SuiteRunner.java:437)
at org.testng.SuiteRunner.runSequentially(SuiteRunner.java:431)
at org.testng.SuiteRunner.privateRun(SuiteRunner.java:391)
at org.testng.SuiteRunner.run(SuiteRunner.java:330)
at org.testng.SuiteRunnerWorker.runSuite(SuiteRunnerWorker.java:52)
at org.testng.SuiteRunnerWorker.run(SuiteRunnerWorker.java:95)
at org.testng.TestNG.runSuitesSequentially(TestNG.java:1256)
at org.testng.TestNG.runSuitesLocally(TestNG.java:1176)
at org.testng.TestNG.runSuites(TestNG.java:1099)
at org.testng.TestNG.run(TestNG.java:1067)
at org.testng.remote.AbstractRemoteTestNG.run(AbstractRemoteTestNG.java:115)
at org.testng.remote.RemoteTestNG.initAndRun(RemoteTestNG.java:251)
at org.testng.remote.RemoteTestNG.main(RemoteTestNG.java:77)
Caused by: org.openqa.selenium.NoSuchElementException: no such element: Unable to locate element: {"method":"xpath","selector":"//*[@id='userNav']"}
  (Session info: chrome=114.0.5735.133)
For documentation on this error, please visit: https://www.seleniumhq.org/exceptions/no_such_element.html
Build info: version: '3.141.59', revision: 'e82be7d358', time: '2018-11-14T08:17:03'
System info: host: 'Ganyas-MBP.attlocal.net', ip: '2600:1700:d770:4930:0:0:0:15%en0', os.name: 'Mac OS X', os.arch: 'x86_64', os.version: '13.4', java.version: '17.0.4.1'
Driver info: org.openqa.selenium.chrome.ChromeDriver
Capabilities {acceptInsecureCerts: false, browserName: chrome, browserVersion: 114.0.5735.133, chrome: {chromedriverVersion: 114.0.5735.90 (386bc09e8f4f..., userDataDir: /var/folders/y2/psvp66c16vg...}, goog:chromeOptions: {debuggerAddress: localhost:52264}, javascriptEnabled: true, networkConnectionEnabled: false, pageLoadStrategy: normal, platform: MAC, platformName: MAC, proxy: Proxy(), setWindowRect: true, strictFileInteractability: false, timeouts: {implicit: 0, pageLoad: 300000, script: 30000}, unhandledPromptBehavior: dismiss and notify, webauthn:extension:credBlob: true, webauthn:extension:largeBlob: true, webauthn:extension:minPinLength: true, webauthn:extension:prf: true, webauthn:virtualAuthenticators: true}
Session ID: e808bed40de40534b182e1ef24aa1c6c
*** Element info: {Using=xpath, value=//*[@id='userNav']}
at jdk.internal.reflect.GeneratedConstructorAccessor17.newInstance(Unknown Source)
at java.base/jdk.internal.reflect.DelegatingConstructorAccessorImpl.newInstance(DelegatingConstructorAccessorImpl.java:45)
at java.base/java.lang.reflect.Constructor.newInstanceWithCaller(Constructor.java:499)
at java.base/java.lang.reflect.Constructor.newInstance(Constructor.java:480)
at org.openqa.selenium.remote.http.W3CHttpResponseCodec.createException(W3CHttpResponseCodec.java:187)
at org.openqa.selenium.remote.http.W3CHttpResponseCodec.decode(W3CHttpResponseCodec.java:122)
at org.openqa.selenium.remote.http.W3CHttpResponseCodec.decode(W3CHttpResponseCodec.java:49)
at org.openqa.selenium.remote.HttpCommandExecutor.execute(HttpCommandExecutor.java:158)
at org.openqa.selenium.remote.service.DriverCommandExecutor.execute(DriverCommandExecutor.java:83)
at org.openqa.selenium.remote.RemoteWebDriver.execute(RemoteWebDriver.java:552)
at org.openqa.selenium.remote.RemoteWebDriver.findElement(RemoteWebDriver.java:323)
at org.openqa.selenium.remote.RemoteWebDriver.findElementByXPath(RemoteWebDriver.java:428)
at org.openqa.selenium.By$ByXPath.findElement(By.java:353)
at org.openqa.selenium.remote.RemoteWebDriver.findElement(RemoteWebDriver.java:315)
at org.openqa.selenium.support.pagefactory.DefaultElementLocator.findElement(DefaultElementLocator.java:69)
at org.openqa.selenium.support.pagefactory.internal.LocatingElementHandler.invoke(LocatingElementHandler.java:38)
at jdk.proxy2/jdk.proxy2.$Proxy30.isDisplayed(Unknown Source)
at org.openqa.selenium.support.ui.ExpectedConditions.elementIfVisible(ExpectedConditions.java:314)
at org.openqa.selenium.support.ui.ExpectedConditions.access$000(ExpectedConditions.java:43)
at org.openqa.selenium.support.ui.ExpectedConditions$10.apply(ExpectedConditions.java:300)
at org.openqa.selenium.support.ui.ExpectedConditions$10.apply(ExpectedConditions.java:297)
at org.openqa.selenium.support.ui.FluentWait.until(FluentWait.java:249)
... 32 more
]]>
            </full-stacktrace>
          </exception> <!-- org.openqa.selenium.TimeoutException -->
          <reporter-output>
          </reporter-output>
        </test-method> <!-- checkRememberMe3 -->
        <test-method is-config="true" signature="TearDownAfterTestMethod()[pri:0, instance:com.automation.tests.SalesforceLogin@48aca48b]" started-at="2023-06-19T19:25:05 PDT" name="TearDownAfterTestMethod" finished-at="2023-06-19T19:25:06 PDT" duration-ms="229" status="PASS">
          <reporter-output>
          </reporter-output>
        </test-method> <!-- TearDownAfterTestMethod -->
        <test-method is-config="true" signature="setUpBeforeTestMethod(java.lang.String)[pri:0, instance:com.automation.tests.SalesforceLogin@48aca48b]" started-at="2023-06-19T19:25:06 PDT" name="setUpBeforeTestMethod" finished-at="2023-06-19T19:25:10 PDT" duration-ms="4441" status="PASS">
          <params>
            <param index="0">
              <value>
                <![CDATA[chrome]]>
              </value>
            </param>
          </params>
          <reporter-output>
          </reporter-output>
        </test-method> <!-- setUpBeforeTestMethod -->
        <test-method signature="forgotPassword4A()[pri:0, instance:com.automation.tests.SalesforceLogin@48aca48b]" started-at="2023-06-19T19:25:10 PDT" name="forgotPassword4A" finished-at="2023-06-19T19:25:11 PDT" duration-ms="1245" status="PASS">
          <reporter-output>
          </reporter-output>
        </test-method> <!-- forgotPassword4A -->
        <test-method is-config="true" signature="TearDownAfterTestMethod()[pri:0, instance:com.automation.tests.SalesforceLogin@48aca48b]" started-at="2023-06-19T19:25:11 PDT" name="TearDownAfterTestMethod" finished-at="2023-06-19T19:25:11 PDT" duration-ms="98" status="PASS">
          <reporter-output>
          </reporter-output>
        </test-method> <!-- TearDownAfterTestMethod -->
        <test-method is-config="true" signature="setUpBeforeTestMethod(java.lang.String)[pri:0, instance:com.automation.tests.SalesforceLogin@48aca48b]" started-at="2023-06-19T19:25:11 PDT" name="setUpBeforeTestMethod" finished-at="2023-06-19T19:25:14 PDT" duration-ms="2174" status="PASS">
          <params>
            <param index="0">
              <value>
                <![CDATA[chrome]]>
              </value>
            </param>
          </params>
          <reporter-output>
          </reporter-output>
        </test-method> <!-- setUpBeforeTestMethod -->
        <test-method signature="forgotPassword4B()[pri:0, instance:com.automation.tests.SalesforceLogin@48aca48b]" started-at="2023-06-19T19:25:14 PDT" name="forgotPassword4B" finished-at="2023-06-19T19:25:14 PDT" duration-ms="917" status="PASS">
          <reporter-output>
          </reporter-output>
        </test-method> <!-- forgotPassword4B -->
        <test-method is-config="true" signature="TearDownAfterTestMethod()[pri:0, instance:com.automation.tests.SalesforceLogin@48aca48b]" started-at="2023-06-19T19:25:14 PDT" name="TearDownAfterTestMethod" finished-at="2023-06-19T19:25:15 PDT" duration-ms="167" status="PASS">
          <reporter-output>
          </reporter-output>
        </test-method> <!-- TearDownAfterTestMethod -->
        <test-method is-config="true" signature="setUpBeforeTestMethod(java.lang.String)[pri:0, instance:com.automation.tests.SalesforceLogin@48aca48b]" started-at="2023-06-19T19:25:15 PDT" name="setUpBeforeTestMethod" finished-at="2023-06-19T19:25:17 PDT" duration-ms="2198" status="PASS">
          <params>
            <param index="0">
              <value>
                <![CDATA[chrome]]>
              </value>
            </param>
          </params>
          <reporter-output>
          </reporter-output>
        </test-method> <!-- setUpBeforeTestMethod -->
        <test-method signature="loginErrorMessage1()[pri:0, instance:com.automation.tests.SalesforceLogin@48aca48b]" started-at="2023-06-19T19:25:17 PDT" name="loginErrorMessage1" finished-at="2023-06-19T19:25:17 PDT" duration-ms="559" status="PASS">
          <reporter-output>
          </reporter-output>
        </test-method> <!-- loginErrorMessage1 -->
        <test-method is-config="true" signature="TearDownAfterTestMethod()[pri:0, instance:com.automation.tests.SalesforceLogin@48aca48b]" started-at="2023-06-19T19:25:17 PDT" name="TearDownAfterTestMethod" finished-at="2023-06-19T19:25:18 PDT" duration-ms="170" status="PASS">
          <reporter-output>
          </reporter-output>
        </test-method> <!-- TearDownAfterTestMethod -->
        <test-method is-config="true" signature="setUpBeforeTestMethod(java.lang.String)[pri:0, instance:com.automation.tests.SalesforceLogin@48aca48b]" started-at="2023-06-19T19:25:18 PDT" name="setUpBeforeTestMethod" finished-at="2023-06-19T19:28:37 PDT" duration-ms="199448" status="FAIL">
          <params>
            <param index="0">
              <value>
                <![CDATA[chrome]]>
              </value>
            </param>
          </params>
          <exception class="org.openqa.selenium.WebDriverException">
            <message>
              <![CDATA[unknown error: unable to discover open pages
Build info: version: '3.141.59', revision: 'e82be7d358', time: '2018-11-14T08:17:03'
System info: host: 'Ganyas-MBP.attlocal.net', ip: '2600:1700:d770:4930:0:0:0:15%en0', os.name: 'Mac OS X', os.arch: 'x86_64', os.version: '13.4', java.version: '17.0.4.1'
Driver info: driver.version: ChromeDriver
remote stacktrace: 0   chromedriver                        0x00000001029476b8 chromedriver + 4937400
1   chromedriver                        0x000000010293eb73 chromedriver + 4901747
2   chromedriver                        0x00000001024fc616 chromedriver + 435734
3   chromedriver                        0x000000010252ed10 chromedriver + 642320
4   chromedriver                        0x000000010252a18a chromedriver + 622986
5   chromedriver                        0x000000010252667c chromedriver + 607868
6   chromedriver                        0x000000010256da08 chromedriver + 899592
7   chromedriver                        0x000000010256cebf chromedriver + 896703
8   chromedriver                        0x0000000102563de3 chromedriver + 859619
9   chromedriver                        0x0000000102531d7f chromedriver + 654719
10  chromedriver                        0x00000001025330de chromedriver + 659678
11  chromedriver                        0x00000001029032ad chromedriver + 4657837
12  chromedriver                        0x0000000102908130 chromedriver + 4677936
13  chromedriver                        0x000000010290edef chromedriver + 4705775
14  chromedriver                        0x000000010290905a chromedriver + 4681818
15  chromedriver                        0x00000001028db92c chromedriver + 4495660
16  chromedriver                        0x0000000102926838 chromedriver + 4802616
17  chromedriver                        0x00000001029269b7 chromedriver + 4802999
18  chromedriver                        0x000000010293799f chromedriver + 4872607
19  libsystem_pthread.dylib             0x00007ff81bd4b1d3 _pthread_start + 125
20  libsystem_pthread.dylib             0x00007ff81bd46bd3 thread_start + 15
]]>
            </message>
            <full-stacktrace>
              <![CDATA[org.openqa.selenium.WebDriverException: unknown error: unable to discover open pages
Build info: version: '3.141.59', revision: 'e82be7d358', time: '2018-11-14T08:17:03'
System info: host: 'Ganyas-MBP.attlocal.net', ip: '2600:1700:d770:4930:0:0:0:15%en0', os.name: 'Mac OS X', os.arch: 'x86_64', os.version: '13.4', java.version: '17.0.4.1'
Driver info: driver.version: ChromeDriver
remote stacktrace: 0   chromedriver                        0x00000001029476b8 chromedriver + 4937400
1   chromedriver                        0x000000010293eb73 chromedriver + 4901747
2   chromedriver                        0x00000001024fc616 chromedriver + 435734
3   chromedriver                        0x000000010252ed10 chromedriver + 642320
4   chromedriver                        0x000000010252a18a chromedriver + 622986
5   chromedriver                        0x000000010252667c chromedriver + 607868
6   chromedriver                        0x000000010256da08 chromedriver + 899592
7   chromedriver                        0x000000010256cebf chromedriver + 896703
8   chromedriver                        0x0000000102563de3 chromedriver + 859619
9   chromedriver                        0x0000000102531d7f chromedriver + 654719
10  chromedriver                        0x00000001025330de chromedriver + 659678
11  chromedriver                        0x00000001029032ad chromedriver + 4657837
12  chromedriver                        0x0000000102908130 chromedriver + 4677936
13  chromedriver                        0x000000010290edef chromedriver + 4705775
14  chromedriver                        0x000000010290905a chromedriver + 4681818
15  chromedriver                        0x00000001028db92c chromedriver + 4495660
16  chromedriver                        0x0000000102926838 chromedriver + 4802616
17  chromedriver                        0x00000001029269b7 chromedriver + 4802999
18  chromedriver                        0x000000010293799f chromedriver + 4872607
19  libsystem_pthread.dylib             0x00007ff81bd4b1d3 _pthread_start + 125
20  libsystem_pthread.dylib             0x00007ff81bd46bd3 thread_start + 15

at java.base/jdk.internal.reflect.NativeConstructorAccessorImpl.newInstance0(Native Method)
at java.base/jdk.internal.reflect.NativeConstructorAccessorImpl.newInstance(NativeConstructorAccessorImpl.java:77)
at java.base/jdk.internal.reflect.DelegatingConstructorAccessorImpl.newInstance(DelegatingConstructorAccessorImpl.java:45)
at java.base/java.lang.reflect.Constructor.newInstanceWithCaller(Constructor.java:499)
at java.base/java.lang.reflect.Constructor.newInstance(Constructor.java:480)
at org.openqa.selenium.remote.W3CHandshakeResponse.lambda$errorHandler$0(W3CHandshakeResponse.java:62)
at org.openqa.selenium.remote.HandshakeResponse.lambda$getResponseFunction$0(HandshakeResponse.java:30)
at org.openqa.selenium.remote.ProtocolHandshake.lambda$createSession$0(ProtocolHandshake.java:126)
at java.base/java.util.stream.ReferencePipeline$3$1.accept(ReferencePipeline.java:197)
at java.base/java.util.Spliterators$ArraySpliterator.tryAdvance(Spliterators.java:1002)
at java.base/java.util.stream.ReferencePipeline.forEachWithCancel(ReferencePipeline.java:129)
at java.base/java.util.stream.AbstractPipeline.copyIntoWithCancel(AbstractPipeline.java:527)
at java.base/java.util.stream.AbstractPipeline.copyInto(AbstractPipeline.java:513)
at java.base/java.util.stream.AbstractPipeline.wrapAndCopyInto(AbstractPipeline.java:499)
at java.base/java.util.stream.FindOps$FindOp.evaluateSequential(FindOps.java:150)
at java.base/java.util.stream.AbstractPipeline.evaluate(AbstractPipeline.java:234)
at java.base/java.util.stream.ReferencePipeline.findFirst(ReferencePipeline.java:647)
at org.openqa.selenium.remote.ProtocolHandshake.createSession(ProtocolHandshake.java:128)
at org.openqa.selenium.remote.ProtocolHandshake.createSession(ProtocolHandshake.java:74)
at org.openqa.selenium.remote.HttpCommandExecutor.execute(HttpCommandExecutor.java:136)
at org.openqa.selenium.remote.service.DriverCommandExecutor.execute(DriverCommandExecutor.java:83)
at org.openqa.selenium.remote.RemoteWebDriver.execute(RemoteWebDriver.java:552)
at org.openqa.selenium.remote.RemoteWebDriver.startSession(RemoteWebDriver.java:213)
at org.openqa.selenium.remote.RemoteWebDriver.<init>(RemoteWebDriver.java:131)
at org.openqa.selenium.chrome.ChromeDriver.<init>(ChromeDriver.java:181)
at org.openqa.selenium.chrome.ChromeDriver.<init>(ChromeDriver.java:168)
at org.openqa.selenium.chrome.ChromeDriver.<init>(ChromeDriver.java:123)
at com.automation.base.BaseTest.launchBrowser(BaseTest.java:78)
at com.automation.base.BaseTest.setUpBeforeTestMethod(BaseTest.java:64)
at java.base/jdk.internal.reflect.NativeMethodAccessorImpl.invoke0(Native Method)
at java.base/jdk.internal.reflect.NativeMethodAccessorImpl.invoke(NativeMethodAccessorImpl.java:77)
at java.base/jdk.internal.reflect.DelegatingMethodAccessorImpl.invoke(DelegatingMethodAccessorImpl.java:43)
at java.base/java.lang.reflect.Method.invoke(Method.java:568)
at org.testng.internal.invokers.MethodInvocationHelper.invokeMethod(MethodInvocationHelper.java:139)
at org.testng.internal.invokers.MethodInvocationHelper.invokeMethodConsideringTimeout(MethodInvocationHelper.java:69)
at org.testng.internal.invokers.ConfigInvoker.invokeConfigurationMethod(ConfigInvoker.java:361)
at org.testng.internal.invokers.ConfigInvoker.invokeConfigurations(ConfigInvoker.java:296)
at org.testng.internal.invokers.TestInvoker.runConfigMethods(TestInvoker.java:823)
at org.testng.internal.invokers.TestInvoker.invokeMethod(TestInvoker.java:590)
at org.testng.internal.invokers.TestInvoker.invokeTestMethod(TestInvoker.java:221)
at org.testng.internal.invokers.MethodRunner.runInSequence(MethodRunner.java:50)
at org.testng.internal.invokers.TestInvoker$MethodInvocationAgent.invoke(TestInvoker.java:969)
at org.testng.internal.invokers.TestInvoker.invokeTestMethods(TestInvoker.java:194)
at org.testng.internal.invokers.TestMethodWorker.invokeTestMethods(TestMethodWorker.java:148)
at org.testng.internal.invokers.TestMethodWorker.run(TestMethodWorker.java:128)
at java.base/java.util.ArrayList.forEach(ArrayList.java:1511)
at org.testng.TestRunner.privateRun(TestRunner.java:829)
at org.testng.TestRunner.run(TestRunner.java:602)
at org.testng.SuiteRunner.runTest(SuiteRunner.java:437)
at org.testng.SuiteRunner.runSequentially(SuiteRunner.java:431)
at org.testng.SuiteRunner.privateRun(SuiteRunner.java:391)
at org.testng.SuiteRunner.run(SuiteRunner.java:330)
at org.testng.SuiteRunnerWorker.runSuite(SuiteRunnerWorker.java:52)
at org.testng.SuiteRunnerWorker.run(SuiteRunnerWorker.java:95)
at org.testng.TestNG.runSuitesSequentially(TestNG.java:1256)
at org.testng.TestNG.runSuitesLocally(TestNG.java:1176)
at org.testng.TestNG.runSuites(TestNG.java:1099)
at org.testng.TestNG.run(TestNG.java:1067)
at org.testng.remote.AbstractRemoteTestNG.run(AbstractRemoteTestNG.java:115)
at org.testng.remote.RemoteTestNG.initAndRun(RemoteTestNG.java:251)
at org.testng.remote.RemoteTestNG.main(RemoteTestNG.java:77)
]]>
            </full-stacktrace>
          </exception> <!-- org.openqa.selenium.WebDriverException -->
          <reporter-output>
          </reporter-output>
        </test-method> <!-- setUpBeforeTestMethod -->
        <test-method signature="loginToSalesforce2()[pri:0, instance:com.automation.tests.SalesforceLogin@48aca48b]" started-at="2023-06-19T19:28:37 PDT" name="loginToSalesforce2" finished-at="2023-06-19T19:28:37 PDT" duration-ms="1" status="SKIP">
          <exception class="org.openqa.selenium.WebDriverException">
            <message>
              <![CDATA[unknown error: unable to discover open pages
Build info: version: '3.141.59', revision: 'e82be7d358', time: '2018-11-14T08:17:03'
System info: host: 'Ganyas-MBP.attlocal.net', ip: '2600:1700:d770:4930:0:0:0:15%en0', os.name: 'Mac OS X', os.arch: 'x86_64', os.version: '13.4', java.version: '17.0.4.1'
Driver info: driver.version: ChromeDriver
remote stacktrace: 0   chromedriver                        0x00000001029476b8 chromedriver + 4937400
1   chromedriver                        0x000000010293eb73 chromedriver + 4901747
2   chromedriver                        0x00000001024fc616 chromedriver + 435734
3   chromedriver                        0x000000010252ed10 chromedriver + 642320
4   chromedriver                        0x000000010252a18a chromedriver + 622986
5   chromedriver                        0x000000010252667c chromedriver + 607868
6   chromedriver                        0x000000010256da08 chromedriver + 899592
7   chromedriver                        0x000000010256cebf chromedriver + 896703
8   chromedriver                        0x0000000102563de3 chromedriver + 859619
9   chromedriver                        0x0000000102531d7f chromedriver + 654719
10  chromedriver                        0x00000001025330de chromedriver + 659678
11  chromedriver                        0x00000001029032ad chromedriver + 4657837
12  chromedriver                        0x0000000102908130 chromedriver + 4677936
13  chromedriver                        0x000000010290edef chromedriver + 4705775
14  chromedriver                        0x000000010290905a chromedriver + 4681818
15  chromedriver                        0x00000001028db92c chromedriver + 4495660
16  chromedriver                        0x0000000102926838 chromedriver + 4802616
17  chromedriver                        0x00000001029269b7 chromedriver + 4802999
18  chromedriver                        0x000000010293799f chromedriver + 4872607
19  libsystem_pthread.dylib             0x00007ff81bd4b1d3 _pthread_start + 125
20  libsystem_pthread.dylib             0x00007ff81bd46bd3 thread_start + 15
]]>
            </message>
            <full-stacktrace>
              <![CDATA[org.openqa.selenium.WebDriverException: unknown error: unable to discover open pages
Build info: version: '3.141.59', revision: 'e82be7d358', time: '2018-11-14T08:17:03'
System info: host: 'Ganyas-MBP.attlocal.net', ip: '2600:1700:d770:4930:0:0:0:15%en0', os.name: 'Mac OS X', os.arch: 'x86_64', os.version: '13.4', java.version: '17.0.4.1'
Driver info: driver.version: ChromeDriver
remote stacktrace: 0   chromedriver                        0x00000001029476b8 chromedriver + 4937400
1   chromedriver                        0x000000010293eb73 chromedriver + 4901747
2   chromedriver                        0x00000001024fc616 chromedriver + 435734
3   chromedriver                        0x000000010252ed10 chromedriver + 642320
4   chromedriver                        0x000000010252a18a chromedriver + 622986
5   chromedriver                        0x000000010252667c chromedriver + 607868
6   chromedriver                        0x000000010256da08 chromedriver + 899592
7   chromedriver                        0x000000010256cebf chromedriver + 896703
8   chromedriver                        0x0000000102563de3 chromedriver + 859619
9   chromedriver                        0x0000000102531d7f chromedriver + 654719
10  chromedriver                        0x00000001025330de chromedriver + 659678
11  chromedriver                        0x00000001029032ad chromedriver + 4657837
12  chromedriver                        0x0000000102908130 chromedriver + 4677936
13  chromedriver                        0x000000010290edef chromedriver + 4705775
14  chromedriver                        0x000000010290905a chromedriver + 4681818
15  chromedriver                        0x00000001028db92c chromedriver + 4495660
16  chromedriver                        0x0000000102926838 chromedriver + 4802616
17  chromedriver                        0x00000001029269b7 chromedriver + 4802999
18  chromedriver                        0x000000010293799f chromedriver + 4872607
19  libsystem_pthread.dylib             0x00007ff81bd4b1d3 _pthread_start + 125
20  libsystem_pthread.dylib             0x00007ff81bd46bd3 thread_start + 15

at java.base/jdk.internal.reflect.NativeConstructorAccessorImpl.newInstance0(Native Method)
at java.base/jdk.internal.reflect.NativeConstructorAccessorImpl.newInstance(NativeConstructorAccessorImpl.java:77)
at java.base/jdk.internal.reflect.DelegatingConstructorAccessorImpl.newInstance(DelegatingConstructorAccessorImpl.java:45)
at java.base/java.lang.reflect.Constructor.newInstanceWithCaller(Constructor.java:499)
at java.base/java.lang.reflect.Constructor.newInstance(Constructor.java:480)
at org.openqa.selenium.remote.W3CHandshakeResponse.lambda$errorHandler$0(W3CHandshakeResponse.java:62)
at org.openqa.selenium.remote.HandshakeResponse.lambda$getResponseFunction$0(HandshakeResponse.java:30)
at org.openqa.selenium.remote.ProtocolHandshake.lambda$createSession$0(ProtocolHandshake.java:126)
at java.base/java.util.stream.ReferencePipeline$3$1.accept(ReferencePipeline.java:197)
at java.base/java.util.Spliterators$ArraySpliterator.tryAdvance(Spliterators.java:1002)
at java.base/java.util.stream.ReferencePipeline.forEachWithCancel(ReferencePipeline.java:129)
at java.base/java.util.stream.AbstractPipeline.copyIntoWithCancel(AbstractPipeline.java:527)
at java.base/java.util.stream.AbstractPipeline.copyInto(AbstractPipeline.java:513)
at java.base/java.util.stream.AbstractPipeline.wrapAndCopyInto(AbstractPipeline.java:499)
at java.base/java.util.stream.FindOps$FindOp.evaluateSequential(FindOps.java:150)
at java.base/java.util.stream.AbstractPipeline.evaluate(AbstractPipeline.java:234)
at java.base/java.util.stream.ReferencePipeline.findFirst(ReferencePipeline.java:647)
at org.openqa.selenium.remote.ProtocolHandshake.createSession(ProtocolHandshake.java:128)
at org.openqa.selenium.remote.ProtocolHandshake.createSession(ProtocolHandshake.java:74)
at org.openqa.selenium.remote.HttpCommandExecutor.execute(HttpCommandExecutor.java:136)
at org.openqa.selenium.remote.service.DriverCommandExecutor.execute(DriverCommandExecutor.java:83)
at org.openqa.selenium.remote.RemoteWebDriver.execute(RemoteWebDriver.java:552)
at org.openqa.selenium.remote.RemoteWebDriver.startSession(RemoteWebDriver.java:213)
at org.openqa.selenium.remote.RemoteWebDriver.<init>(RemoteWebDriver.java:131)
at org.openqa.selenium.chrome.ChromeDriver.<init>(ChromeDriver.java:181)
at org.openqa.selenium.chrome.ChromeDriver.<init>(ChromeDriver.java:168)
at org.openqa.selenium.chrome.ChromeDriver.<init>(ChromeDriver.java:123)
at com.automation.base.BaseTest.launchBrowser(BaseTest.java:78)
at com.automation.base.BaseTest.setUpBeforeTestMethod(BaseTest.java:64)
at java.base/jdk.internal.reflect.NativeMethodAccessorImpl.invoke0(Native Method)
at java.base/jdk.internal.reflect.NativeMethodAccessorImpl.invoke(NativeMethodAccessorImpl.java:77)
at java.base/jdk.internal.reflect.DelegatingMethodAccessorImpl.invoke(DelegatingMethodAccessorImpl.java:43)
at java.base/java.lang.reflect.Method.invoke(Method.java:568)
at org.testng.internal.invokers.MethodInvocationHelper.invokeMethod(MethodInvocationHelper.java:139)
at org.testng.internal.invokers.MethodInvocationHelper.invokeMethodConsideringTimeout(MethodInvocationHelper.java:69)
at org.testng.internal.invokers.ConfigInvoker.invokeConfigurationMethod(ConfigInvoker.java:361)
at org.testng.internal.invokers.ConfigInvoker.invokeConfigurations(ConfigInvoker.java:296)
at org.testng.internal.invokers.TestInvoker.runConfigMethods(TestInvoker.java:823)
at org.testng.internal.invokers.TestInvoker.invokeMethod(TestInvoker.java:590)
at org.testng.internal.invokers.TestInvoker.invokeTestMethod(TestInvoker.java:221)
at org.testng.internal.invokers.MethodRunner.runInSequence(MethodRunner.java:50)
at org.testng.internal.invokers.TestInvoker$MethodInvocationAgent.invoke(TestInvoker.java:969)
at org.testng.internal.invokers.TestInvoker.invokeTestMethods(TestInvoker.java:194)
at org.testng.internal.invokers.TestMethodWorker.invokeTestMethods(TestMethodWorker.java:148)
at org.testng.internal.invokers.TestMethodWorker.run(TestMethodWorker.java:128)
at java.base/java.util.ArrayList.forEach(ArrayList.java:1511)
at org.testng.TestRunner.privateRun(TestRunner.java:829)
at org.testng.TestRunner.run(TestRunner.java:602)
at org.testng.SuiteRunner.runTest(SuiteRunner.java:437)
at org.testng.SuiteRunner.runSequentially(SuiteRunner.java:431)
at org.testng.SuiteRunner.privateRun(SuiteRunner.java:391)
at org.testng.SuiteRunner.run(SuiteRunner.java:330)
at org.testng.SuiteRunnerWorker.runSuite(SuiteRunnerWorker.java:52)
at org.testng.SuiteRunnerWorker.run(SuiteRunnerWorker.java:95)
at org.testng.TestNG.runSuitesSequentially(TestNG.java:1256)
at org.testng.TestNG.runSuitesLocally(TestNG.java:1176)
at org.testng.TestNG.runSuites(TestNG.java:1099)
at org.testng.TestNG.run(TestNG.java:1067)
at org.testng.remote.AbstractRemoteTestNG.run(AbstractRemoteTestNG.java:115)
at org.testng.remote.RemoteTestNG.initAndRun(RemoteTestNG.java:251)
at org.testng.remote.RemoteTestNG.main(RemoteTestNG.java:77)
]]>
            </full-stacktrace>
          </exception> <!-- org.openqa.selenium.WebDriverException -->
          <reporter-output>
          </reporter-output>
        </test-method> <!-- loginToSalesforce2 -->
        <test-method is-config="true" signature="TearDownAfterTestMethod()[pri:0, instance:com.automation.tests.SalesforceLogin@48aca48b]" started-at="2023-06-19T19:28:37 PDT" name="TearDownAfterTestMethod" finished-at="2023-06-19T19:28:37 PDT" duration-ms="0" status="SKIP">
          <reporter-output>
          </reporter-output>
        </test-method> <!-- TearDownAfterTestMethod -->
      </class> <!-- com.automation.tests.SalesforceLogin -->
    </test> <!-- Test -->
  </suite> <!-- Suite -->
</testng-results>
